<?xml version="1.0" encoding="UTF-8"?>
<coverage generated="1624156973945" clover="3.2.0">
  <project timestamp="1624156973945" name="All files">
    <metrics statements="21" coveredstatements="14" conditionals="9" coveredconditionals="6" methods="15" coveredmethods="10" elements="45" coveredelements="30" complexity="0" loc="21" ncloc="21" packages="1" files="2" classes="2"/>
    <file name="currying.js" path="/home/jonasrc/Documents/Projetos/functional-js-101/modules/currying.js">
      <metrics statements="14" coveredstatements="9" conditionals="9" coveredconditionals="6" methods="9" coveredmethods="6"/>
      <line num="2" count="3" type="stmt"/>
      <line num="4" count="9" type="stmt"/>
      <line num="5" count="9" type="stmt"/>
      <line num="6" count="9" type="cond" truecount="2" falsecount="0"/>
      <line num="13" count="3" type="stmt"/>
      <line num="15" count="6" type="stmt"/>
      <line num="16" count="6" type="stmt"/>
      <line num="17" count="6" type="cond" truecount="2" falsecount="0"/>
      <line num="24" count="0" type="stmt"/>
      <line num="26" count="0" type="stmt"/>
      <line num="27" count="0" type="stmt"/>
      <line num="28" count="0" type="stmt"/>
      <line num="32" count="0" type="cond" truecount="0" falsecount="2"/>
      <line num="39" count="2" type="stmt"/>
    </file>
    <file name="partials.js" path="/home/jonasrc/Documents/Projetos/functional-js-101/modules/partials.js">
      <metrics statements="7" coveredstatements="5" conditionals="0" coveredconditionals="0" methods="6" coveredmethods="4"/>
      <line num="2" count="1" type="stmt"/>
      <line num="3" count="1" type="stmt"/>
      <line num="8" count="1" type="stmt"/>
      <line num="9" count="1" type="stmt"/>
      <line num="14" count="0" type="stmt"/>
      <line num="15" count="0" type="stmt"/>
      <line num="19" count="1" type="stmt"/>
    </file>
  </project>
</coverage>
