{"/home/jonasrc/Documents/Projetos/functional-js-101/modules/currying.js": {"path":"/home/jonasrc/Documents/Projetos/functional-js-101/modules/currying.js","statementMap":{"0":{"start":{"line":2,"column":4},"end":{"line":9,"column":10}},"1":{"start":{"line":4,"column":12},"end":{"line":7,"column":13}},"2":{"start":{"line":5,"column":29},"end":{"line":5,"column":55}},"3":{"start":{"line":6,"column":16},"end":{"line":6,"column":80}},"4":{"start":{"line":13,"column":4},"end":{"line":20,"column":10}},"5":{"start":{"line":15,"column":12},"end":{"line":18,"column":13}},"6":{"start":{"line":16,"column":29},"end":{"line":16,"column":59}},"7":{"start":{"line":17,"column":16},"end":{"line":17,"column":80}},"8":{"start":{"line":24,"column":4},"end":{"line":36,"column":10}},"9":{"start":{"line":26,"column":12},"end":{"line":34,"column":13}},"10":{"start":{"line":27,"column":30},"end":{"line":27,"column":55}},"11":{"start":{"line":28,"column":36},"end":{"line":30,"column":18}},"12":{"start":{"line":32,"column":16},"end":{"line":33,"column":65}},"13":{"start":{"line":39,"column":0},"end":{"line":43,"column":1}}},"fnMap":{"0":{"name":"strictCurry","decl":{"start":{"line":1,"column":9},"end":{"line":1,"column":20}},"loc":{"start":{"line":1,"column":44},"end":{"line":10,"column":1}},"line":1},"1":{"name":"previousCurry","decl":{"start":{"line":3,"column":17},"end":{"line":3,"column":30}},"loc":{"start":{"line":3,"column":45},"end":{"line":8,"column":9}},"line":3},"2":{"name":"nextCurry","decl":{"start":{"line":4,"column":28},"end":{"line":4,"column":37}},"loc":{"start":{"line":4,"column":47},"end":{"line":7,"column":13}},"line":4},"3":{"name":"looseCurry","decl":{"start":{"line":12,"column":9},"end":{"line":12,"column":19}},"loc":{"start":{"line":12,"column":43},"end":{"line":21,"column":1}},"line":12},"4":{"name":"previousCurry","decl":{"start":{"line":14,"column":17},"end":{"line":14,"column":30}},"loc":{"start":{"line":14,"column":45},"end":{"line":19,"column":9}},"line":14},"5":{"name":"nextCurry","decl":{"start":{"line":15,"column":28},"end":{"line":15,"column":37}},"loc":{"start":{"line":15,"column":51},"end":{"line":18,"column":13}},"line":15},"6":{"name":"propsCurry","decl":{"start":{"line":23,"column":9},"end":{"line":23,"column":19}},"loc":{"start":{"line":23,"column":35},"end":{"line":37,"column":1}},"line":23},"7":{"name":"previousCurry","decl":{"start":{"line":25,"column":17},"end":{"line":25,"column":30}},"loc":{"start":{"line":25,"column":49},"end":{"line":35,"column":9}},"line":25},"8":{"name":"nextCurry","decl":{"start":{"line":26,"column":28},"end":{"line":26,"column":37}},"loc":{"start":{"line":26,"column":52},"end":{"line":34,"column":13}},"line":26}},"branchMap":{"0":{"loc":{"start":{"line":1,"column":25},"end":{"line":1,"column":42}},"type":"default-arg","locations":[{"start":{"line":1,"column":33},"end":{"line":1,"column":42}}],"line":1},"1":{"loc":{"start":{"line":6,"column":23},"end":{"line":6,"column":79}},"type":"cond-expr","locations":[{"start":{"line":6,"column":46},"end":{"line":6,"column":57}},{"start":{"line":6,"column":60},"end":{"line":6,"column":79}}],"line":6},"2":{"loc":{"start":{"line":12,"column":24},"end":{"line":12,"column":41}},"type":"default-arg","locations":[{"start":{"line":12,"column":32},"end":{"line":12,"column":41}}],"line":12},"3":{"loc":{"start":{"line":17,"column":23},"end":{"line":17,"column":79}},"type":"cond-expr","locations":[{"start":{"line":17,"column":46},"end":{"line":17,"column":57}},{"start":{"line":17,"column":60},"end":{"line":17,"column":79}}],"line":17},"4":{"loc":{"start":{"line":23,"column":24},"end":{"line":23,"column":33}},"type":"default-arg","locations":[{"start":{"line":23,"column":32},"end":{"line":23,"column":33}}],"line":23},"5":{"loc":{"start":{"line":32,"column":23},"end":{"line":33,"column":64}},"type":"cond-expr","locations":[{"start":{"line":33,"column":20},"end":{"line":33,"column":35}},{"start":{"line":33,"column":38},"end":{"line":33,"column":64}}],"line":32}},"s":{"0":3,"1":9,"2":9,"3":9,"4":3,"5":6,"6":6,"7":6,"8":0,"9":0,"10":0,"11":0,"12":0,"13":2},"f":{"0":3,"1":9,"2":9,"3":3,"4":6,"5":6,"6":0,"7":0,"8":0},"b":{"0":[2],"1":[3,6],"2":[2],"3":[3,3],"4":[0],"5":[0,0]},"_coverageSchema":"1a1c01bbd47fc00a2c39e90264f33305004495a9","hash":"a581b0f0d73e3bce605433671edef3f05d9146d3"}
,"/home/jonasrc/Documents/Projetos/functional-js-101/modules/partials.js": {"path":"/home/jonasrc/Documents/Projetos/functional-js-101/modules/partials.js","statementMap":{"0":{"start":{"line":2,"column":4},"end":{"line":4,"column":5}},"1":{"start":{"line":3,"column":8},"end":{"line":3,"column":40}},"2":{"start":{"line":8,"column":4},"end":{"line":10,"column":5}},"3":{"start":{"line":9,"column":8},"end":{"line":9,"column":40}},"4":{"start":{"line":14,"column":4},"end":{"line":16,"column":5}},"5":{"start":{"line":15,"column":8},"end":{"line":15,"column":59}},"6":{"start":{"line":19,"column":0},"end":{"line":23,"column":2}}},"fnMap":{"0":{"name":"partial","decl":{"start":{"line":1,"column":9},"end":{"line":1,"column":16}},"loc":{"start":{"line":1,"column":36},"end":{"line":5,"column":1}},"line":1},"1":{"name":"partiallyApplied","decl":{"start":{"line":2,"column":20},"end":{"line":2,"column":36}},"loc":{"start":{"line":2,"column":51},"end":{"line":4,"column":5}},"line":2},"2":{"name":"partialRight","decl":{"start":{"line":7,"column":9},"end":{"line":7,"column":21}},"loc":{"start":{"line":7,"column":41},"end":{"line":11,"column":1}},"line":7},"3":{"name":"partiallyAppliedRight","decl":{"start":{"line":8,"column":20},"end":{"line":8,"column":41}},"loc":{"start":{"line":8,"column":56},"end":{"line":10,"column":5}},"line":8},"4":{"name":"partialProps","decl":{"start":{"line":13,"column":9},"end":{"line":13,"column":21}},"loc":{"start":{"line":13,"column":41},"end":{"line":17,"column":1}},"line":13},"5":{"name":"partiallyAppliedProps","decl":{"start":{"line":14,"column":20},"end":{"line":14,"column":41}},"loc":{"start":{"line":14,"column":56},"end":{"line":16,"column":5}},"line":14}},"branchMap":{},"s":{"0":1,"1":1,"2":1,"3":1,"4":0,"5":0,"6":1},"f":{"0":1,"1":1,"2":1,"3":1,"4":0,"5":0},"b":{},"_coverageSchema":"1a1c01bbd47fc00a2c39e90264f33305004495a9","hash":"2df6051e35e1b1aae112c6eea787e224d960398a"}
}
