TN:
SF:modules/currying.js
FN:1,strictCurry
FN:3,previousCurry
FN:4,nextCurry
FN:12,looseCurry
FN:14,previousCurry
FN:15,nextCurry
FN:23,propsCurry
FN:25,previousCurry
FN:26,nextCurry
FNF:9
FNH:6
FNDA:3,strictCurry
FNDA:9,previousCurry
FNDA:9,nextCurry
FNDA:3,looseCurry
FNDA:6,previousCurry
FNDA:6,nextCurry
FNDA:0,propsCurry
FNDA:0,previousCurry
FNDA:0,nextCurry
DA:2,3
DA:4,9
DA:5,9
DA:6,9
DA:13,3
DA:15,6
DA:16,6
DA:17,6
DA:24,0
DA:26,0
DA:27,0
DA:28,0
DA:32,0
DA:39,2
LF:14
LH:9
BRDA:1,0,0,2
BRDA:6,1,0,3
BRDA:6,1,1,6
BRDA:12,2,0,2
BRDA:17,3,0,3
BRDA:17,3,1,3
BRDA:23,4,0,0
BRDA:32,5,0,0
BRDA:32,5,1,0
BRF:9
BRH:6
end_of_record
TN:
SF:modules/partials.js
FN:1,partial
FN:2,partiallyApplied
FN:7,partialRight
FN:8,partiallyAppliedRight
FN:13,partialProps
FN:14,partiallyAppliedProps
FNF:6
FNH:4
FNDA:1,partial
FNDA:1,partiallyApplied
FNDA:1,partialRight
FNDA:1,partiallyAppliedRight
FNDA:0,partialProps
FNDA:0,partiallyAppliedProps
DA:2,1
DA:3,1
DA:8,1
DA:9,1
DA:14,0
DA:15,0
DA:19,1
LF:7
LH:5
BRF:0
BRH:0
end_of_record
